<?xml version="1.0" encoding="UTF-8"?>
<testng-results ignored="0" total="2" passed="2" failed="0" skipped="0">
  <reporter-output>
  </reporter-output>
  <suite started-at="2022-08-08T20:20:39 IST" name="Surefire suite" finished-at="2022-08-08T20:20:46 IST" duration-ms="6896">
    <groups>
    </groups>
    <test started-at="2022-08-08T20:20:39 IST" name="Surefire test" finished-at="2022-08-08T20:20:46 IST" duration-ms="6896">
      <class name="com.mycompany.app.my_selenium_app.NewTest">
        <test-method signature="f()[pri:0, instance:com.mycompany.app.my_selenium_app.NewTest@7ea9e1e2]" started-at="2022-08-08T20:20:39 IST" name="f" finished-at="2022-08-08T20:20:39 IST" duration-ms="6" status="PASS">
          <reporter-output>
          </reporter-output>
        </test-method> <!-- f -->
        <test-method signature="launchChrome()[pri:0, instance:com.mycompany.app.my_selenium_app.NewTest@7ea9e1e2]" started-at="2022-08-08T20:20:39 IST" name="launchChrome" finished-at="2022-08-08T20:20:46 IST" duration-ms="6802" status="PASS">
          <reporter-output>
          </reporter-output>
        </test-method> <!-- launchChrome -->
      </class> <!-- com.mycompany.app.my_selenium_app.NewTest -->
    </test> <!-- Surefire test -->
  </suite> <!-- Surefire suite -->
</testng-results>
